
Terminal command to create your ssh tunnel
ssh -N -L 8769:a100-4015:8769 slj9342@bigpurple.nyumc.org
Windows MobaXterm info
Forwarded port:same as remote port
Remote server: a100-4015
Remote port: 8769
SSH server: bigpurple.nyumc.org
SSH login: slj9342
SSH port: 22
Use a Browser on your local machine to go to:
localhost:8769/lab?token=  (prefix w/ https:// if using password)

[I 2025-04-22 09:43:26.263 ServerApp] Extension package jupyter_lsp took 0.2174s to import
[I 2025-04-22 09:43:26.775 ServerApp] jupyter_lsp | extension was successfully linked.
[I 2025-04-22 09:43:26.779 ServerApp] jupyter_server_terminals | extension was successfully linked.
[I 2025-04-22 09:43:26.783 ServerApp] jupyterlab | extension was successfully linked.
[I 2025-04-22 09:43:26.786 ServerApp] notebook | extension was successfully linked.
[I 2025-04-22 09:43:30.388 ServerApp] notebook_shim | extension was successfully linked.
[I 2025-04-22 09:43:30.520 ServerApp] notebook_shim | extension was successfully loaded.
[I 2025-04-22 09:43:30.521 ServerApp] jupyter_lsp | extension was successfully loaded.
[I 2025-04-22 09:43:30.522 ServerApp] jupyter_server_terminals | extension was successfully loaded.
[I 2025-04-22 09:43:30.530 LabApp] JupyterLab extension loaded from /gpfs/data/oermannlab/users/slj9342/.local/lib/python3.8/site-packages/jupyterlab
[I 2025-04-22 09:43:30.530 LabApp] JupyterLab application directory is /gpfs/data/oermannlab/users/slj9342/.local/share/jupyter/lab
[I 2025-04-22 09:43:30.531 LabApp] Extension Manager is 'pypi'.
[I 2025-04-22 09:43:30.948 ServerApp] jupyterlab | extension was successfully loaded.
[I 2025-04-22 09:43:30.952 ServerApp] notebook | extension was successfully loaded.
[I 2025-04-22 09:43:30.952 ServerApp] Serving notebooks from local directory: /gpfs/data/oermannlab/users/slj9342/dl4med_final_project
[I 2025-04-22 09:43:30.952 ServerApp] Jupyter Server 2.14.2 is running at:
[I 2025-04-22 09:43:30.952 ServerApp] http://a100-4015:8769/tree?token=361a7ba6b3f44279146afb1427f7fbd642579918f8fd4032
[I 2025-04-22 09:43:30.952 ServerApp]     http://127.0.0.1:8769/tree?token=361a7ba6b3f44279146afb1427f7fbd642579918f8fd4032
[I 2025-04-22 09:43:30.952 ServerApp] Use Control-C to stop this server and shut down all kernels (twice to skip confirmation).
[C 2025-04-22 09:43:30.957 ServerApp] 
    
    To access the server, open this file in a browser:
        file:///gpfs/data/oermannlab/users/slj9342/.local/share/jupyter/runtime/jpserver-1459252-open.html
    Or copy and paste one of these URLs:
        http://a100-4015:8769/tree?token=361a7ba6b3f44279146afb1427f7fbd642579918f8fd4032
        http://127.0.0.1:8769/tree?token=361a7ba6b3f44279146afb1427f7fbd642579918f8fd4032
[I 2025-04-22 09:43:30.986 ServerApp] Skipped non-installed server(s): bash-language-server, dockerfile-language-server-nodejs, javascript-typescript-langserver, jedi-language-server, julia-language-server, pyright, python-language-server, python-lsp-server, r-languageserver, sql-language-server, texlab, typescript-language-server, unified-language-server, vscode-css-languageserver-bin, vscode-html-languageserver-bin, vscode-json-languageserver-bin, yaml-language-server
[W 2025-04-22 09:43:42.426 ServerApp] 404 GET /hub/api (@192.168.0.103) 87.37ms referer=None
[I 2025-04-22 09:43:42.429 ServerApp] 302 GET / (@192.168.0.103) 0.27ms
[I 2025-04-22 09:43:42.431 JupyterNotebookApp] 302 GET /tree? (@192.168.0.103) 0.33ms
[I 2025-04-22 09:43:51.862 ServerApp] User a8519d339c974c5f9d5fcf053dab62cc logged in.
[I 2025-04-22 09:43:51.863 ServerApp] 302 POST /login? (a8519d339c974c5f9d5fcf053dab62cc@192.168.0.103) 1.14ms
[I 2025-04-22 09:44:19.556 ServerApp] Kernel started: a2de3573-04dc-416c-8de0-05b3c8ea776d
[I 2025-04-22 09:44:27.857 ServerApp] Connecting to kernel a2de3573-04dc-416c-8de0-05b3c8ea776d.
[I 2025-04-22 12:10:18.067 ServerApp] Kernel interrupted: a2de3573-04dc-416c-8de0-05b3c8ea776d
[I 2025-04-22 12:10:34.208 ServerApp] Kernel restarted: a2de3573-04dc-416c-8de0-05b3c8ea776d
[I 2025-04-22 12:10:34.214 ServerApp] Starting buffering for a2de3573-04dc-416c-8de0-05b3c8ea776d:fb2e8e5c-d77b-4b4b-8af5-e5b7e91305b1
[I 2025-04-22 12:10:34.221 ServerApp] Connecting to kernel a2de3573-04dc-416c-8de0-05b3c8ea776d.
[I 2025-04-22 12:10:34.222 ServerApp] Restoring connection for a2de3573-04dc-416c-8de0-05b3c8ea776d:fb2e8e5c-d77b-4b4b-8af5-e5b7e91305b1
[W 2025-04-22 12:10:38.731 ServerApp] Nudge: attempt 10 on kernel a2de3573-04dc-416c-8de0-05b3c8ea776d
[W 2025-04-22 12:10:43.742 ServerApp] Nudge: attempt 20 on kernel a2de3573-04dc-416c-8de0-05b3c8ea776d
