
Terminal command to create your ssh tunnel
ssh -N -L 8054:a100-4031:8054 slj9342@bigpurple.nyumc.org
Windows MobaXterm info
Forwarded port:same as remote port
Remote server: a100-4031
Remote port: 8054
SSH server: bigpurple.nyumc.org
SSH login: slj9342
SSH port: 22
Use a Browser on your local machine to go to:
localhost:8054/lab?token=  (prefix w/ https:// if using password)

[I 2025-04-17 09:13:23.639 ServerApp] Extension package jupyter_lsp took 0.2362s to import
[I 2025-04-17 09:13:24.262 ServerApp] jupyter_lsp | extension was successfully linked.
[I 2025-04-17 09:13:24.265 ServerApp] jupyter_server_terminals | extension was successfully linked.
[I 2025-04-17 09:13:24.269 ServerApp] jupyterlab | extension was successfully linked.
[I 2025-04-17 09:13:24.273 ServerApp] notebook | extension was successfully linked.
[I 2025-04-17 09:13:29.888 ServerApp] notebook_shim | extension was successfully linked.
[I 2025-04-17 09:13:30.037 ServerApp] notebook_shim | extension was successfully loaded.
[I 2025-04-17 09:13:30.038 ServerApp] jupyter_lsp | extension was successfully loaded.
[I 2025-04-17 09:13:30.044 ServerApp] jupyter_server_terminals | extension was successfully loaded.
[I 2025-04-17 09:13:30.050 LabApp] JupyterLab extension loaded from /gpfs/data/oermannlab/users/slj9342/.local/lib/python3.8/site-packages/jupyterlab
[I 2025-04-17 09:13:30.051 LabApp] JupyterLab application directory is /gpfs/data/oermannlab/users/slj9342/.local/share/jupyter/lab
[I 2025-04-17 09:13:30.051 LabApp] Extension Manager is 'pypi'.
[I 2025-04-17 09:13:30.459 ServerApp] jupyterlab | extension was successfully loaded.
[I 2025-04-17 09:13:30.463 ServerApp] notebook | extension was successfully loaded.
[I 2025-04-17 09:13:30.464 ServerApp] Serving notebooks from local directory: /gpfs/data/oermannlab/users/slj9342/dl4med_final_project
[I 2025-04-17 09:13:30.464 ServerApp] Jupyter Server 2.14.2 is running at:
[I 2025-04-17 09:13:30.464 ServerApp] http://a100-4031:8054/tree?token=06bf1708ed0dbc7262a84714d720312076fa50ad15bddfc2
[I 2025-04-17 09:13:30.464 ServerApp]     http://127.0.0.1:8054/tree?token=06bf1708ed0dbc7262a84714d720312076fa50ad15bddfc2
[I 2025-04-17 09:13:30.464 ServerApp] Use Control-C to stop this server and shut down all kernels (twice to skip confirmation).
[C 2025-04-17 09:13:30.472 ServerApp] 
    
    To access the server, open this file in a browser:
        file:///gpfs/data/oermannlab/users/slj9342/.local/share/jupyter/runtime/jpserver-2398466-open.html
    Or copy and paste one of these URLs:
        http://a100-4031:8054/tree?token=06bf1708ed0dbc7262a84714d720312076fa50ad15bddfc2
        http://127.0.0.1:8054/tree?token=06bf1708ed0dbc7262a84714d720312076fa50ad15bddfc2
[I 2025-04-17 09:13:30.517 ServerApp] Skipped non-installed server(s): bash-language-server, dockerfile-language-server-nodejs, javascript-typescript-langserver, jedi-language-server, julia-language-server, pyright, python-language-server, python-lsp-server, r-languageserver, sql-language-server, texlab, typescript-language-server, unified-language-server, vscode-css-languageserver-bin, vscode-html-languageserver-bin, vscode-json-languageserver-bin, yaml-language-server
[W 2025-04-17 09:15:06.947 ServerApp] 404 GET /hub/api (@192.168.0.102) 221.03ms referer=None
[I 2025-04-17 09:15:06.948 ServerApp] 302 GET / (@192.168.0.102) 0.32ms
[I 2025-04-17 09:15:06.950 JupyterNotebookApp] 302 GET /tree? (@192.168.0.102) 0.36ms
[I 2025-04-17 09:15:13.307 ServerApp] User cc0bafaf9185457699003a95c279388e logged in.
[I 2025-04-17 09:15:13.307 ServerApp] 302 POST /login? (cc0bafaf9185457699003a95c279388e@192.168.0.102) 0.73ms
[I 2025-04-17 09:19:23.685 ServerApp] Kernel started: 0a3b0bdc-a830-4266-a650-f46c103e67f2
[I 2025-04-17 09:19:36.402 ServerApp] Connecting to kernel 0a3b0bdc-a830-4266-a650-f46c103e67f2.
[I 2025-04-17 10:50:20.249 ServerApp] Kernel restarted: 0a3b0bdc-a830-4266-a650-f46c103e67f2
[I 2025-04-17 10:50:20.252 ServerApp] Starting buffering for 0a3b0bdc-a830-4266-a650-f46c103e67f2:87803677-79fe-4490-b185-e81c899cf086
[I 2025-04-17 10:50:20.258 ServerApp] Connecting to kernel 0a3b0bdc-a830-4266-a650-f46c103e67f2.
[I 2025-04-17 10:50:20.258 ServerApp] Restoring connection for 0a3b0bdc-a830-4266-a650-f46c103e67f2:87803677-79fe-4490-b185-e81c899cf086
[W 2025-04-17 10:50:24.770 ServerApp] Nudge: attempt 10 on kernel 0a3b0bdc-a830-4266-a650-f46c103e67f2
[W 2025-04-17 10:50:29.779 ServerApp] Nudge: attempt 20 on kernel 0a3b0bdc-a830-4266-a650-f46c103e67f2
[I 2025-04-17 11:23:28.667 ServerApp] Kernel interrupted: 0a3b0bdc-a830-4266-a650-f46c103e67f2
[1;34mwandb[0m: 
[1;34mwandb[0m: 🚀 View run [33mnf_32hs_128lr_0.0003765617930403359[0m at: [34mhttps://wandb.ai/lakej98-nyu-langone-health/acc_aware_model/runs/xdubx9gy[0m
[I 2025-04-17 17:07:06.190 ServerApp] Kernel restarted: 0a3b0bdc-a830-4266-a650-f46c103e67f2
[I 2025-04-17 17:07:06.193 ServerApp] Starting buffering for 0a3b0bdc-a830-4266-a650-f46c103e67f2:87803677-79fe-4490-b185-e81c899cf086
[I 2025-04-17 17:07:06.201 ServerApp] Connecting to kernel 0a3b0bdc-a830-4266-a650-f46c103e67f2.
[I 2025-04-17 17:07:06.201 ServerApp] Restoring connection for 0a3b0bdc-a830-4266-a650-f46c103e67f2:87803677-79fe-4490-b185-e81c899cf086
[W 2025-04-17 17:07:10.711 ServerApp] Nudge: attempt 10 on kernel 0a3b0bdc-a830-4266-a650-f46c103e67f2
[W 2025-04-17 17:07:15.723 ServerApp] Nudge: attempt 20 on kernel 0a3b0bdc-a830-4266-a650-f46c103e67f2
[I 2025-04-17 17:11:33.090 ServerApp] Kernel interrupted: 0a3b0bdc-a830-4266-a650-f46c103e67f2
[I 2025-04-17 18:11:13.800 ServerApp] Kernel restarted: 0a3b0bdc-a830-4266-a650-f46c103e67f2
[I 2025-04-17 18:11:13.808 ServerApp] Starting buffering for 0a3b0bdc-a830-4266-a650-f46c103e67f2:87803677-79fe-4490-b185-e81c899cf086
[I 2025-04-17 18:11:13.817 ServerApp] Connecting to kernel 0a3b0bdc-a830-4266-a650-f46c103e67f2.
[I 2025-04-17 18:11:13.817 ServerApp] Restoring connection for 0a3b0bdc-a830-4266-a650-f46c103e67f2:87803677-79fe-4490-b185-e81c899cf086
[W 2025-04-17 18:11:18.328 ServerApp] Nudge: attempt 10 on kernel 0a3b0bdc-a830-4266-a650-f46c103e67f2
[W 2025-04-17 18:11:23.339 ServerApp] Nudge: attempt 20 on kernel 0a3b0bdc-a830-4266-a650-f46c103e67f2
[W 2025-04-17 18:11:24.539 ServerApp] Got events for closed stream <zmq.eventloop.zmqstream.ZMQStream object at 0x1555500310d0>
[I 2025-04-17 18:11:51.446 ServerApp] Starting buffering for 0a3b0bdc-a830-4266-a650-f46c103e67f2:87803677-79fe-4490-b185-e81c899cf086
slurmstepd-a100-4031: error: *** JOB 63089076 ON a100-4031 CANCELLED AT 2025-04-19T09:13:08 DUE TO TIME LIMIT ***
