
Terminal command to create your ssh tunnel
ssh -N -L 8573:a100-4021:8573 slj9342@bigpurple.nyumc.org
Windows MobaXterm info
Forwarded port:same as remote port
Remote server: a100-4021
Remote port: 8573
SSH server: bigpurple.nyumc.org
SSH login: slj9342
SSH port: 22
Use a Browser on your local machine to go to:
localhost:8573/lab?token=  (prefix w/ https:// if using password)

[I 2025-04-21 14:30:02.741 ServerApp] Extension package jupyter_lsp took 0.2048s to import
[I 2025-04-21 14:30:03.277 ServerApp] jupyter_lsp | extension was successfully linked.
[I 2025-04-21 14:30:03.280 ServerApp] jupyter_server_terminals | extension was successfully linked.
[I 2025-04-21 14:30:03.284 ServerApp] jupyterlab | extension was successfully linked.
[I 2025-04-21 14:30:03.287 ServerApp] notebook | extension was successfully linked.
[I 2025-04-21 14:30:14.489 ServerApp] notebook_shim | extension was successfully linked.
[I 2025-04-21 14:30:14.625 ServerApp] notebook_shim | extension was successfully loaded.
[I 2025-04-21 14:30:14.627 ServerApp] jupyter_lsp | extension was successfully loaded.
[I 2025-04-21 14:30:14.628 ServerApp] jupyter_server_terminals | extension was successfully loaded.
[I 2025-04-21 14:30:14.637 LabApp] JupyterLab extension loaded from /gpfs/data/oermannlab/users/slj9342/.local/lib/python3.8/site-packages/jupyterlab
[I 2025-04-21 14:30:14.637 LabApp] JupyterLab application directory is /gpfs/data/oermannlab/users/slj9342/.local/share/jupyter/lab
[I 2025-04-21 14:30:14.638 LabApp] Extension Manager is 'pypi'.
[I 2025-04-21 14:30:15.089 ServerApp] jupyterlab | extension was successfully loaded.
[I 2025-04-21 14:30:15.093 ServerApp] notebook | extension was successfully loaded.
[I 2025-04-21 14:30:15.093 ServerApp] Serving notebooks from local directory: /gpfs/data/oermannlab/users/slj9342/dl4med_final_project
[I 2025-04-21 14:30:15.093 ServerApp] Jupyter Server 2.14.2 is running at:
[I 2025-04-21 14:30:15.093 ServerApp] http://a100-4021:8573/tree?token=ca3c76fcf419fd667ef2a7e00ea305a2bb4a47f82f79fca8
[I 2025-04-21 14:30:15.093 ServerApp]     http://127.0.0.1:8573/tree?token=ca3c76fcf419fd667ef2a7e00ea305a2bb4a47f82f79fca8
[I 2025-04-21 14:30:15.093 ServerApp] Use Control-C to stop this server and shut down all kernels (twice to skip confirmation).
[C 2025-04-21 14:30:15.098 ServerApp] 
    
    To access the server, open this file in a browser:
        file:///gpfs/data/oermannlab/users/slj9342/.local/share/jupyter/runtime/jpserver-180702-open.html
    Or copy and paste one of these URLs:
        http://a100-4021:8573/tree?token=ca3c76fcf419fd667ef2a7e00ea305a2bb4a47f82f79fca8
        http://127.0.0.1:8573/tree?token=ca3c76fcf419fd667ef2a7e00ea305a2bb4a47f82f79fca8
[I 2025-04-21 14:30:15.133 ServerApp] Skipped non-installed server(s): bash-language-server, dockerfile-language-server-nodejs, javascript-typescript-langserver, jedi-language-server, julia-language-server, pyright, python-language-server, python-lsp-server, r-languageserver, sql-language-server, texlab, typescript-language-server, unified-language-server, vscode-css-languageserver-bin, vscode-html-languageserver-bin, vscode-json-languageserver-bin, yaml-language-server
[W 2025-04-21 14:30:30.189 ServerApp] 404 GET /hub/api (@192.168.0.103) 60.66ms referer=None
[I 2025-04-21 14:30:30.192 ServerApp] 302 GET / (@192.168.0.103) 0.25ms
[I 2025-04-21 14:30:30.195 JupyterNotebookApp] 302 GET /tree? (@192.168.0.103) 0.32ms
[I 2025-04-21 14:30:38.558 ServerApp] User f32f8c3a3a414ec78ba53ebeece446cd logged in.
[I 2025-04-21 14:30:38.559 ServerApp] 302 POST /login? (f32f8c3a3a414ec78ba53ebeece446cd@192.168.0.103) 1.17ms
[I 2025-04-21 14:30:43.200 ServerApp] Kernel started: caa0e51a-7ec3-4a32-8c1d-7be09c99001a
[I 2025-04-21 14:30:55.292 ServerApp] Connecting to kernel caa0e51a-7ec3-4a32-8c1d-7be09c99001a.
slurmstepd-a100-4021: error: *** JOB 63177192 ON a100-4021 CANCELLED AT 2025-04-21T14:51:07 ***
