
Terminal command to create your ssh tunnel
ssh -N -L 9871:a100-4028:9871 slj9342@bigpurple.nyumc.org
Windows MobaXterm info
Forwarded port:same as remote port
Remote server: a100-4028
Remote port: 9871
SSH server: bigpurple.nyumc.org
SSH login: slj9342
SSH port: 22
Use a Browser on your local machine to go to:
localhost:9871/lab?token=  (prefix w/ https:// if using password)

[I 2025-04-16 09:15:46.431 ServerApp] Extension package jupyter_lsp took 0.3692s to import
[I 2025-04-16 09:15:47.125 ServerApp] jupyter_lsp | extension was successfully linked.
[I 2025-04-16 09:15:47.128 ServerApp] jupyter_server_terminals | extension was successfully linked.
[I 2025-04-16 09:15:47.133 ServerApp] jupyterlab | extension was successfully linked.
[I 2025-04-16 09:15:47.136 ServerApp] notebook | extension was successfully linked.
[I 2025-04-16 09:15:53.009 ServerApp] notebook_shim | extension was successfully linked.
[I 2025-04-16 09:15:53.170 ServerApp] notebook_shim | extension was successfully loaded.
[I 2025-04-16 09:15:53.172 ServerApp] jupyter_lsp | extension was successfully loaded.
[I 2025-04-16 09:15:53.181 ServerApp] jupyter_server_terminals | extension was successfully loaded.
[I 2025-04-16 09:15:53.195 LabApp] JupyterLab extension loaded from /gpfs/data/oermannlab/users/slj9342/.local/lib/python3.8/site-packages/jupyterlab
[I 2025-04-16 09:15:53.195 LabApp] JupyterLab application directory is /gpfs/data/oermannlab/users/slj9342/.local/share/jupyter/lab
[I 2025-04-16 09:15:53.196 LabApp] Extension Manager is 'pypi'.
[I 2025-04-16 09:15:53.939 ServerApp] jupyterlab | extension was successfully loaded.
[I 2025-04-16 09:15:53.942 ServerApp] notebook | extension was successfully loaded.
[I 2025-04-16 09:15:53.942 ServerApp] Serving notebooks from local directory: /gpfs/data/oermannlab/users/slj9342/dl4med_final_project
[I 2025-04-16 09:15:53.942 ServerApp] Jupyter Server 2.14.2 is running at:
[I 2025-04-16 09:15:53.942 ServerApp] http://a100-4028:9871/tree?token=f060dc21c5554b33afa4aebfb0a16d40e35d96392a65a637
[I 2025-04-16 09:15:53.942 ServerApp]     http://127.0.0.1:9871/tree?token=f060dc21c5554b33afa4aebfb0a16d40e35d96392a65a637
[I 2025-04-16 09:15:53.942 ServerApp] Use Control-C to stop this server and shut down all kernels (twice to skip confirmation).
[C 2025-04-16 09:15:54.020 ServerApp] 
    
    To access the server, open this file in a browser:
        file:///gpfs/data/oermannlab/users/slj9342/.local/share/jupyter/runtime/jpserver-2916221-open.html
    Or copy and paste one of these URLs:
        http://a100-4028:9871/tree?token=f060dc21c5554b33afa4aebfb0a16d40e35d96392a65a637
        http://127.0.0.1:9871/tree?token=f060dc21c5554b33afa4aebfb0a16d40e35d96392a65a637
[I 2025-04-16 09:15:54.101 ServerApp] Skipped non-installed server(s): bash-language-server, dockerfile-language-server-nodejs, javascript-typescript-langserver, jedi-language-server, julia-language-server, pyright, python-language-server, python-lsp-server, r-languageserver, sql-language-server, texlab, typescript-language-server, unified-language-server, vscode-css-languageserver-bin, vscode-html-languageserver-bin, vscode-json-languageserver-bin, yaml-language-server
[W 2025-04-16 09:16:19.121 ServerApp] 404 GET /hub/api (@192.168.0.103) 116.64ms referer=None
[I 2025-04-16 09:16:19.123 ServerApp] 302 GET / (@192.168.0.103) 0.26ms
[I 2025-04-16 09:16:19.126 JupyterNotebookApp] 302 GET /tree? (@192.168.0.103) 0.34ms
[I 2025-04-16 09:16:26.940 ServerApp] User 2cf24cb971924565aab1d1bcf8c9c6c3 logged in.
[I 2025-04-16 09:16:26.942 ServerApp] 302 POST /login? (2cf24cb971924565aab1d1bcf8c9c6c3@192.168.0.103) 2.22ms
[I 2025-04-16 09:16:47.340 ServerApp] Kernel started: 63f4a440-3403-4676-a85d-5bb1a1455bb0
[I 2025-04-16 09:17:08.335 ServerApp] Connecting to kernel 63f4a440-3403-4676-a85d-5bb1a1455bb0.
[I 2025-04-16 09:30:16.759 ServerApp] Kernel interrupted: 63f4a440-3403-4676-a85d-5bb1a1455bb0
